2023-02-09 14:14:24,811 [INFO    ] 16585 4346365312 BaseClass: Starting new instance of trend-activated-bot ...
2023-02-09 14:15:42,980 [INFO    ] 16633 4303046016 BaseClass: Starting new instance of trend-activated-bot ...
2023-02-09 14:15:42,980 [CRITICAL] 16633 4303046016 BaseClass: Stopping ... please wait a few seconds! Please provide API_KEY and API_SECRET
2023-02-09 14:15:42,980 [CRITICAL] 16633 4303046016 BaseClass: Unknown Error in exit_all() - 'TrailingStopLossActivation' object has no attribute 'engine'
2023-02-09 14:15:43,047 [DEBUG   ] 16633 4303046016 connectionpool: Starting new HTTPS connection (1): api.binance.com:443
2023-02-09 14:15:43,114 [DEBUG   ] 16633 4303046016 connectionpool: https://api.binance.com:443 "GET /api/v3/ping HTTP/1.1" 451 224
2023-02-09 14:19:35,197 [INFO    ] 16755 4303406464 BaseClass: Starting new instance of trend-activated-bot ...
2023-02-09 14:19:35,197 [INFO    ] 16755 4303406464 BaseClass: Loading trend-activated-bot configuration ...
2023-02-09 14:19:35,197 [CRITICAL] 16755 4303406464 BaseClass: Stopping ... please wait a few seconds! Please provide API_KEY and API_SECRET
2023-02-09 14:19:35,197 [CRITICAL] 16755 4303406464 BaseClass: Unknown Error in exit_all() - 'TrailingStopLossActivation' object has no attribute 'engine'
2023-02-09 14:19:35,266 [DEBUG   ] 16755 4303406464 connectionpool: Starting new HTTPS connection (1): api.binance.com:443
2023-02-09 14:19:35,320 [DEBUG   ] 16755 4303406464 connectionpool: https://api.binance.com:443 "GET /api/v3/ping HTTP/1.1" 451 224
2023-02-09 14:19:55,968 [INFO    ] 16767 4318332288 BaseClass: Starting new instance of trend-activated-bot ...
2023-02-09 14:19:55,968 [INFO    ] 16767 4318332288 BaseClass: Loading trend-activated-bot configuration ...
2023-02-09 14:19:55,968 [CRITICAL] 16767 4318332288 BaseClass: Stopping ... please wait a few seconds! Please provide API_KEY and API_SECRET
2023-02-09 14:19:55,968 [CRITICAL] 16767 4318332288 BaseClass: Unknown Error in exit_all() - 'TrailingStopLossActivation' object has no attribute 'engine'
2023-02-09 14:19:55,972 [DEBUG   ] 16767 4318332288 connectionpool: Starting new HTTPS connection (1): api.binance.com:443
2023-02-09 14:19:56,020 [DEBUG   ] 16767 4318332288 connectionpool: https://api.binance.com:443 "GET /api/v3/ping HTTP/1.1" 451 224
2023-02-09 14:21:48,854 [INFO    ] 16854 4314629504 BaseClass: Starting new instance of trend-activated-bot ...
2023-02-09 14:21:48,854 [INFO    ] 16854 4314629504 BaseClass: Loading trend-activated-bot configuration ...
2023-02-09 14:21:48,854 [CRITICAL] 16854 4314629504 BaseClass: Stopping ... please wait a few seconds! Please provide API_KEY and API_SECRET
2023-02-09 14:21:48,855 [CRITICAL] 16854 4314629504 BaseClass: Unknown Error in exit_all() - 'TrailingStopLossActivation' object has no attribute 'engine'
2023-02-09 14:21:48,899 [DEBUG   ] 16854 4314629504 connectionpool: Starting new HTTPS connection (1): api.binance.com:443
2023-02-09 14:21:48,953 [DEBUG   ] 16854 4314629504 connectionpool: https://api.binance.com:443 "GET /api/v3/ping HTTP/1.1" 451 224
2023-02-09 14:23:50,192 [INFO    ] 17249 4340745600 BaseClass: Starting new instance of trend-activated-bot ...
2023-02-09 14:23:50,192 [INFO    ] 17249 4340745600 BaseClass: Loading trend-activated-bot configuration ...
2023-02-09 14:23:50,192 [CRITICAL] 17249 4340745600 BaseClass: Stopping ... please wait a few seconds! Please provide API_KEY and API_SECRET
2023-02-09 14:23:50,192 [CRITICAL] 17249 4340745600 BaseClass: Unknown Error in exit_all() - 'TrailingStopLossActivation' object has no attribute 'engine'
2023-02-09 14:23:50,257 [DEBUG   ] 17249 4340745600 connectionpool: Starting new HTTPS connection (1): api.binance.com:443
2023-02-09 14:23:50,354 [DEBUG   ] 17249 4340745600 connectionpool: https://api.binance.com:443 "GET /api/v3/ping HTTP/1.1" 451 224
2023-02-09 14:24:04,625 [INFO    ] 17262 4303177088 BaseClass: Starting new instance of trend-activated-bot ...
2023-02-09 14:24:04,625 [INFO    ] 17262 4303177088 BaseClass: Loading trend-activated-bot configuration ...
2023-02-09 14:24:04,625 [CRITICAL] 17262 4303177088 BaseClass: Stopping ... please wait a few seconds! Please provide API_KEY and API_SECRET
2023-02-09 14:24:04,625 [CRITICAL] 17262 4303177088 BaseClass: Unknown Error in exit_all() - 'TrailingStopLossActivation' object has no attribute 'engine'
2023-02-09 14:24:04,672 [DEBUG   ] 17262 4303177088 connectionpool: Starting new HTTPS connection (1): api.binance.com:443
2023-02-09 14:24:04,720 [DEBUG   ] 17262 4303177088 connectionpool: https://api.binance.com:443 "GET /api/v3/ping HTTP/1.1" 451 224
2023-02-09 14:24:14,738 [INFO    ] 17269 4316317056 BaseClass: Starting new instance of trend-activated-bot ...
2023-02-09 14:24:14,738 [INFO    ] 17269 4316317056 BaseClass: Loading trend-activated-bot configuration ...
2023-02-09 14:24:14,738 [CRITICAL] 17269 4316317056 BaseClass: Stopping ... please wait a few seconds! Please provide API_KEY and API_SECRET
2023-02-09 14:24:33,665 [INFO    ] 17288 4373988736 BaseClass: Starting new instance of trend-activated-bot ...
2023-02-09 14:24:33,665 [INFO    ] 17288 4373988736 BaseClass: Loading trend-activated-bot configuration ...
2023-02-09 14:24:33,665 [CRITICAL] 17288 4373988736 BaseClass: Stopping ... please wait a few seconds! Please provide API_KEY and API_SECRET
